<?xml version="1.0" encoding="UTF-8"?>
<!-- Generated by org.testng.reporters.JUnitReportReporter -->
<testsuite hostname="coeuss-MacBook-Pro.local" failures="0" tests="1" name="com.qa.tests.forgotPassword" time="15.870" errors="0" timestamp="2022-04-26T17:38:02 PKT" skipped="0">
  <testcase classname="com.qa.tests.forgotPassword" name="forgotPassordFlow" time="15.870"/>
  <system-out/>
</testsuite> <!-- com.qa.tests.forgotPassword -->
