<?xml version="1.0" encoding="UTF-8"?>
<!-- Generated by org.testng.reporters.JUnitReportReporter -->
<testsuite hostname="coeuss-MacBook-Pro.local" failures="0" tests="1" name="com.qa.tests.registerBasicArtwork" time="117.203" errors="0" timestamp="2022-04-26T15:15:16 PKT" skipped="0">
  <testcase classname="com.qa.tests.registerBasicArtwork" name="basicArtworkRegisteration" time="117.203"/>
  <system-out/>
</testsuite> <!-- com.qa.tests.registerBasicArtwork -->
