<?xml version="1.0" encoding="UTF-8"?>
<!-- Generated by org.testng.reporters.JUnitReportReporter -->
<testsuite hostname="coeuss-MacBook-Pro.local" failures="0" tests="3" name="com.qa.tests.generalCases" time="29.402" errors="0" timestamp="2022-05-18T17:40:01 PKT" skipped="0">
  <testcase classname="com.qa.tests.generalCases" name="conversationTab" time="1.694"/>
  <system-out/>
  <testcase classname="com.qa.tests.generalCases" name="checkNotificationScreen" time="19.219"/>
  <system-out/>
  <testcase classname="com.qa.tests.generalCases" name="checkChat" time="8.489"/>
  <system-out/>
</testsuite> <!-- com.qa.tests.generalCases -->
