<?xml version="1.0" encoding="UTF-8"?>
<!-- Generated by org.testng.reporters.JUnitReportReporter -->
<testsuite hostname="coeuss-MacBook-Pro.local" failures="0" tests="1" name="com.qa.tests.discoveryMode" time="17.373" errors="0" timestamp="2022-04-26T15:47:35 PKT" skipped="0">
  <testcase classname="com.qa.tests.discoveryMode" name="digitalArtwork" time="17.373"/>
  <system-out/>
</testsuite> <!-- com.qa.tests.discoveryMode -->
