<?xml version="1.0" encoding="UTF-8"?>
<!-- Generated by org.testng.reporters.JUnitReportReporter -->
<testsuite hostname="coeuss-MacBook-Pro.local" failures="0" tests="1" name="com.qa.tests.MyProfile_EditProfile" time="38.856" errors="0" timestamp="2022-06-14T19:36:08 PKT" skipped="0">
  <testcase classname="com.qa.tests.MyProfile_EditProfile" name="changePassword" time="38.856"/>
  <system-out/>
</testsuite> <!-- com.qa.tests.MyProfile_EditProfile -->
