<?xml version="1.0" encoding="UTF-8"?>
<!-- Generated by org.testng.reporters.JUnitReportReporter -->
<testsuite hostname="coeuss-MacBook-Pro.local" failures="0" tests="1" name="com.qa.tests.registerDigitalArtwork" time="117.470" errors="0" timestamp="2022-04-26T06:08:28 PKT" skipped="0">
  <testcase classname="com.qa.tests.registerDigitalArtwork" name="digitalArtwork" time="117.470"/>
  <system-out/>
</testsuite> <!-- com.qa.tests.registerDigitalArtwork -->
