<?xml version="1.0" encoding="UTF-8"?>
<!-- Generated by org.testng.reporters.JUnitReportReporter -->
<testsuite hostname="coeuss-MacBook-Pro.local" failures="0" tests="1" name="com.qa.tests.AR_View" time="16.585" errors="0" timestamp="2022-05-19T11:31:14 PKT" skipped="0">
  <testcase classname="com.qa.tests.AR_View" name="checkArView" time="16.585"/>
  <system-out/>
</testsuite> <!-- com.qa.tests.AR_View -->
